<?xml version="1.0" encoding="UTF-8"?>
<!-- Generated by org.testng.reporters.JUnitReportReporter -->
<testsuite hostname="DESKTOP-MQDFENV" failures="0" tests="1" name="com.crm.ExpressVisa.Testscripts.ExecutingTestscripts" time="0.298" errors="0" timestamp="2025-11-04T12:02:58 IST" skipped="0">
  <testcase classname="com.crm.ExpressVisa.Testscripts.ExecutingTestscripts" name="test1" time="0.298"/>
  <system-out>
    <![CDATA[browser launched
browser launched
loggined successfully
loggedout succesfully
browser closed
disconnected successfully]]>
  </system-out>
</testsuite> <!-- com.crm.ExpressVisa.Testscripts.ExecutingTestscripts -->
