<?xml version="1.0" encoding="UTF-8"?>
<testng-results ignored="0" total="1" passed="1" failed="0" skipped="0">
  <reporter-output>
    <line>
      <![CDATA[browser launched]]>
    </line>
    <line>
      <![CDATA[browser launched]]>
    </line>
    <line>
      <![CDATA[loggined successfully]]>
    </line>
    <line>
      <![CDATA[loggedout succesfully]]>
    </line>
    <line>
      <![CDATA[browser closed]]>
    </line>
    <line>
      <![CDATA[disconnected successfully]]>
    </line>
  </reporter-output>
  <suite started-at="2025-11-04T12:02:51 IST" name="Default suite" finished-at="2025-11-04T12:02:58 IST" duration-ms="6355">
    <groups>
    </groups>
    <test started-at="2025-11-04T12:02:51 IST" name="Default test" finished-at="2025-11-04T12:02:58 IST" duration-ms="6355">
      <class name="com.crm.ExpressVisa.Testscripts.ExecutingTestscripts">
        <test-method is-config="true" signature="Browserlaunched()[pri:0, instance:com.crm.ExpressVisa.Testscripts.ExecutingTestscripts@489115ef]" started-at="2025-11-04T12:02:51 IST" name="Browserlaunched" finished-at="2025-11-04T12:02:51 IST" duration-ms="18" status="PASS">
          <reporter-output>
            <line>
              <![CDATA[browser launched]]>
            </line>
          </reporter-output>
        </test-method> <!-- Browserlaunched -->
        <test-method is-config="true" signature="launchbrowser(java.lang.String)[pri:0, instance:com.crm.ExpressVisa.Testscripts.ExecutingTestscripts@489115ef]" started-at="2025-11-04T12:02:51 IST" name="launchbrowser" finished-at="2025-11-04T12:02:57 IST" duration-ms="5576" status="PASS">
          <params>
            <param index="0">
              <value>
                <![CDATA[chrome]]>
              </value>
            </param>
          </params>
          <reporter-output>
            <line>
              <![CDATA[browser launched]]>
            </line>
          </reporter-output>
        </test-method> <!-- launchbrowser -->
        <test-method is-config="true" signature="login()[pri:0, instance:com.crm.ExpressVisa.Testscripts.ExecutingTestscripts@489115ef]" started-at="2025-11-04T12:02:57 IST" name="login" finished-at="2025-11-04T12:02:57 IST" duration-ms="265" status="PASS">
          <reporter-output>
            <line>
              <![CDATA[loggined successfully]]>
            </line>
          </reporter-output>
        </test-method> <!-- login -->
        <test-method signature="test1()[pri:0, instance:com.crm.ExpressVisa.Testscripts.ExecutingTestscripts@489115ef]" started-at="2025-11-04T12:02:57 IST" name="test1" finished-at="2025-11-04T12:02:57 IST" duration-ms="13" status="PASS">
          <reporter-output>
          </reporter-output>
        </test-method> <!-- test1 -->
        <test-method is-config="true" signature="logout()[pri:0, instance:com.crm.ExpressVisa.Testscripts.ExecutingTestscripts@489115ef]" started-at="2025-11-04T12:02:57 IST" name="logout" finished-at="2025-11-04T12:02:57 IST" duration-ms="20" status="PASS">
          <reporter-output>
            <line>
              <![CDATA[loggedout succesfully]]>
            </line>
          </reporter-output>
        </test-method> <!-- logout -->
        <test-method is-config="true" signature="closebrowser()[pri:0, instance:com.crm.ExpressVisa.Testscripts.ExecutingTestscripts@489115ef]" started-at="2025-11-04T12:02:57 IST" name="closebrowser" finished-at="2025-11-04T12:02:58 IST" duration-ms="382" status="PASS">
          <reporter-output>
            <line>
              <![CDATA[browser closed]]>
            </line>
          </reporter-output>
        </test-method> <!-- closebrowser -->
        <test-method is-config="true" signature="disconnect()[pri:0, instance:com.crm.ExpressVisa.Testscripts.ExecutingTestscripts@489115ef]" started-at="2025-11-04T12:02:58 IST" name="disconnect" finished-at="2025-11-04T12:02:58 IST" duration-ms="1" status="PASS">
          <reporter-output>
            <line>
              <![CDATA[disconnected successfully]]>
            </line>
          </reporter-output>
        </test-method> <!-- disconnect -->
      </class> <!-- com.crm.ExpressVisa.Testscripts.ExecutingTestscripts -->
    </test> <!-- Default test -->
  </suite> <!-- Default suite -->
</testng-results>
